<?xml version="1.0" encoding="UTF-8"?>
<testng-results ignored="0" total="1" passed="1" failed="0" skipped="0">
  <reporter-output>
  </reporter-output>
  <suite started-at="2025-06-23T23:47:58 IST" name="Default suite" finished-at="2025-06-23T23:48:06 IST" duration-ms="7634">
    <groups>
    </groups>
    <test started-at="2025-06-23T23:47:58 IST" name="Default test" finished-at="2025-06-23T23:48:06 IST" duration-ms="7634">
      <class name="tests.emailDemo">
        <test-method signature="sendMail()[pri:0, instance:tests.emailDemo@349c1daf]" started-at="2025-06-23T23:47:58 IST" name="sendMail" finished-at="2025-06-23T23:48:06 IST" duration-ms="7564" status="PASS">
          <reporter-output>
          </reporter-output>
        </test-method> <!-- sendMail -->
      </class> <!-- tests.emailDemo -->
    </test> <!-- Default test -->
  </suite> <!-- Default suite -->
</testng-results>
