<?xml version="1.0" encoding="UTF-8"?>
<testng-results ignored="0" total="1" passed="1" failed="0" skipped="0">
  <reporter-output>
  </reporter-output>
  <suite started-at="2025-06-20T20:53:43 IST" name="LoginTests" finished-at="2025-06-20T20:53:56 IST" duration-ms="13240">
    <groups>
    </groups>
    <test started-at="2025-06-20T20:53:43 IST" name="LoginTest" finished-at="2025-06-20T20:53:56 IST" duration-ms="13240">
      <class name="tests.LoginTest">
        <test-method is-config="true" signature="driverSetUp()[pri:0, instance:tests.LoginTest@7c1e2a2d]" started-at="2025-06-20T20:53:43 IST" name="driverSetUp" finished-at="2025-06-20T20:53:53 IST" duration-ms="9423" status="PASS">
          <reporter-output>
          </reporter-output>
        </test-method> <!-- driverSetUp -->
        <test-method signature="testValidateLogin()[pri:0, instance:tests.LoginTest@7c1e2a2d]" started-at="2025-06-20T20:53:53 IST" name="testValidateLogin" finished-at="2025-06-20T20:53:56 IST" duration-ms="3225" status="PASS">
          <reporter-output>
          </reporter-output>
        </test-method> <!-- testValidateLogin -->
        <test-method is-config="true" signature="tearDown()[pri:0, instance:tests.LoginTest@7c1e2a2d]" started-at="2025-06-20T20:53:56 IST" name="tearDown" finished-at="2025-06-20T20:53:56 IST" duration-ms="510" status="PASS">
          <reporter-output>
          </reporter-output>
        </test-method> <!-- tearDown -->
      </class> <!-- tests.LoginTest -->
    </test> <!-- LoginTest -->
  </suite> <!-- LoginTests -->
</testng-results>
